This is pdfTeX, Version 3.141592653-2.6-1.40.26 (MiKTeX 24.4) (preloaded format=pdflatex 2024.5.31)  6 JUN 2024 01:41
entering extended mode
 restricted \write18 enabled.
 %&-line parsing enabled.
**./co_so_ly_thuyet.tex
(co_so_ly_thuyet.tex
LaTeX2e <2023-11-01> patch level 1
L3 programming layer <2024-05-08>
! Undefined control sequence.
l.1 \section
            {ƒê·∫∑t v·∫•n ƒë·ªÅ}
The control sequence at the end of the top line
of your error message was never \def'ed. If you have
misspelled it (e.g., `\hobx'), type `I' and the correct
spelling (e.g., `I\hbox'). Otherwise just continue,
and I'll forget about whatever was undefined.


! LaTeX Error: Command \DJ unavailable in encoding .

See the LaTeX manual or LaTeX Companion for explanation.
Type  H <return>  for immediate help.
 ...                                              
                                                  
l.1 \section{ƒê
               ·∫∑t v·∫•n ƒë·ªÅ}
Your command was ignored.
Type  I <command> <return>  to replace it with another command,
or  <return>  to continue without it.


! LaTeX Error: Unicode character ·∫∑ (U+1EB7)
               not set up for use with LaTeX.

See the LaTeX manual or LaTeX Companion for explanation.
Type  H <return>  for immediate help.
 ...                                              
                                                  
l.1 \section{ƒê·∫∑
                  t v·∫•n ƒë·ªÅ}
You may provide a definition with
\DeclareUnicodeCharacter 


! LaTeX Error: Missing \begin{document}.

See the LaTeX manual or LaTeX Companion for explanation.
Type  H <return>  for immediate help.
 ...                                              
                                                  
l.1 \section{ƒê·∫∑t
                    v·∫•n ƒë·ªÅ}
You're in trouble here.  Try typing  <return>  to proceed.
If that doesn't work, type  X <return>  to quit.

Missing character: There is no t in font nullfont!
Missing character: There is no v in font nullfont!

! LaTeX Error: Unicode character ·∫• (U+1EA5)
               not set up for use with LaTeX.

See the LaTeX manual or LaTeX Companion for explanation.
Type  H <return>  for immediate help.
 ...                                              
                                                  
l.1 \section{ƒê·∫∑t v·∫•
                        n ƒë·ªÅ}
You may provide a definition with
\DeclareUnicodeCharacter 

Missing character: There is no n in font nullfont!

! LaTeX Error: Command \dj unavailable in encoding .

See the LaTeX manual or LaTeX Companion for explanation.
Type  H <return>  for immediate help.
 ...                                              
                                                  
l.1 \section{ƒê·∫∑t v·∫•n ƒë
                            ·ªÅ}
Your command was ignored.
Type  I <command> <return>  to replace it with another command,
or  <return>  to continue without it.


! LaTeX Error: Unicode character ·ªÅ (U+1EC1)
               not set up for use with LaTeX.

See the LaTeX manual or LaTeX Companion for explanation.
Type  H <return>  for immediate help.
 ...                                              
                                                  
l.1 \section{ƒê·∫∑t v·∫•n ƒë·ªÅ
                               }
You may provide a definition with
\DeclareUnicodeCharacter 


Overfull \hbox (20.0pt too wide) in paragraph at lines 1--2
[]
 []


! LaTeX Error: Missing \begin{document}.

See the LaTeX manual or LaTeX Companion for explanation.
Type  H <return>  for immediate help.
 ...                                              
                                                  
l.3 T
     rong g·∫ßn 30 nƒÉm h√¨nh th√†nh v√† ph√°t tri·ªÉn c·ªßa Internet, Vi·ªá...

You're in trouble here.  Try typing  <return>  to proceed.
If that doesn't work, type  X <return>  to quit.

Missing character: There is no T in font nullfont!
Missing character: There is no r in font nullfont!
Missing character: There is no o in font nullfont!
Missing character: There is no n in font nullfont!
Missing character: There is no g in font nullfont!
Missing character: There is no g in font nullfont!

! LaTeX Error: Unicode character ·∫ß (U+1EA7)
               not set up for use with LaTeX.

See the LaTeX manual or LaTeX Companion for explanation.
Type  H <return>  for immediate help.
 ...                                              
                                                  
l.3 Trong g·∫ß
              n 30 nƒÉm h√¨nh th√†nh v√† ph√°t tri·ªÉn c·ªßa Internet, Vi·ªá...

You may provide a definition with
\DeclareUnicodeCharacter 

Missing character: There is no n in font nullfont!
Missing character: There is no 3 in font nullfont!
Missing character: There is no 0 in font nullfont!
Missing character: There is no n in font nullfont!
LaTeX Font Info:    Trying to load font information for +cmr on input line 3.
LaTeX Font Info:    No file cmr.fd. on input line 3.

LaTeX Font Warning: Font shape `/cmr/m/n' undefined
(Font)              using `/cmr/m/n' instead on input line 3.

! Corrupted NFSS tables.
wrong@fontshape ...message {Corrupted NFSS tables}
                                                  error@fontshape else let f...
l.3 Trong g·∫ßn 30 nƒÉ
                      m h√¨nh th√†nh v√† ph√°t tri·ªÉn c·ªßa Internet, Vi·ªá...
This error message was generated by an \errmessage
command, so I can't give any explicit help.
Pretend that you're Hercule Poirot: Examine all clues,
and deduce the truth by order and method.


LaTeX Font Warning: Font shape `/cmr/m/n' undefined
(Font)              using `OT1/cmr/m/n' instead on input line 3.

Missing character: There is no m in font nullfont!
Missing character: There is no h in font nullfont!
Missing character: There is no n in font nullfont!
Missing character: There is no h in font nullfont!
Missing character: There is no t in font nullfont!
Missing character: There is no h in font nullfont!
Missing character: There is no n in font nullfont!
Missing character: There is no h in font nullfont!
Missing character: There is no v in font nullfont!
Missing character: There is no p in font nullfont!
Missing character: There is no h in font nullfont!
Missing character: There is no t in font nullfont!
Missing character: There is no t in font nullfont!
Missing character: There is no r in font nullfont!
Missing character: There is no i in font nullfont!

! LaTeX Error: Unicode character ·ªÉ (U+1EC3)
               not set up for use with LaTeX.

See the LaTeX manual or LaTeX Companion for explanation.
Type  H <return>  for immediate help.
 ...                                              
                                                  
l.3 ...g·∫ßn 30 nƒÉm h√¨nh th√†nh v√† ph√°t tri·ªÉ
                                                  n c·ªßa Internet, Vi·ªát N...

You may provide a definition with
\DeclareUnicodeCharacter 

Missing character: There is no n in font nullfont!
Missing character: There is no c in font nullfont!

! LaTeX Error: Unicode character ·ªß (U+1EE7)
               not set up for use with LaTeX.

See the LaTeX manual or LaTeX Companion for explanation.
Type  H <return>  for immediate help.
 ...                                              
                                                  
l.3 ...30 nƒÉm h√¨nh th√†nh v√† ph√°t tri·ªÉn c·ªß
                                                  a Internet, Vi·ªát Nam ƒë∆...

You may provide a definition with
\DeclareUnicodeCharacter 

Missing character: There is no a in font nullfont!
Missing character: There is no I in font nullfont!
Missing character: There is no n in font nullfont!
Missing character: There is no t in font nullfont!
Missing character: There is no e in font nullfont!
Missing character: There is no r in font nullfont!
Missing character: There is no n in font nullfont!
Missing character: There is no e in font nullfont!
Missing character: There is no t in font nullfont!
Missing character: There is no , in font nullfont!
Missing character: There is no V in font nullfont!
Missing character: There is no i in font nullfont!

! LaTeX Error: Unicode character ·ªá (U+1EC7)
               not set up for use with LaTeX.

See the LaTeX manual or LaTeX Companion for explanation.
Type  H <return>  for immediate help.
 ...                                              
                                                  
l.3 ...†nh v√† ph√°t tri·ªÉn c·ªßa Internet, Vi·ªá
                                                  t Nam ƒë∆∞·ª£c ƒë√°nh gi√°...

You may provide a definition with
\DeclareUnicodeCharacter 

Missing character: There is no t in font nullfont!
Missing character: There is no N in font nullfont!
Missing character: There is no a in font nullfont!
Missing character: There is no m in font nullfont!

! LaTeX Error: Command \dj unavailable in encoding .

See the LaTeX manual or LaTeX Companion for explanation.
Type  H <return>  for immediate help.
 ...                                              
                                                  
l.3 ...ph√°t tri·ªÉn c·ªßa Internet, Vi·ªát Nam ƒë
                                                  ∆∞·ª£c ƒë√°nh gi√° l√† m·ª...

Your command was ignored.
Type  I <command> <return>  to replace it with another command,
or  <return>  to continue without it.


! LaTeX Error: Unicode character ∆∞ (U+01B0)
               not set up for use with LaTeX.

See the LaTeX manual or LaTeX Companion for explanation.
Type  H <return>  for immediate help.
 ...                                              
                                                  
l.3 ...√°t tri·ªÉn c·ªßa Internet, Vi·ªát Nam ƒë∆∞
                                                  ·ª£c ƒë√°nh gi√° l√† m·ªôt...

You may provide a definition with
\DeclareUnicodeCharacter 


! LaTeX Error: Unicode character ·ª£ (U+1EE3)
               not set up for use with LaTeX.

See the LaTeX manual or LaTeX Companion for explanation.
Type  H <return>  for immediate help.
 ...                                              
                                                  
l.3 ... tri·ªÉn c·ªßa Internet, Vi·ªát Nam ƒë∆∞·ª£
                                                  c ƒë√°nh gi√° l√† m·ªôt tr...

You may provide a definition with
\DeclareUnicodeCharacter 

Missing character: There is no c in font nullfont!

! LaTeX Error: Command \dj unavailable in encoding .

See the LaTeX manual or LaTeX Companion for explanation.
Type  H <return>  for immediate help.
 ...                                              
                                                  
l.3 ...·ªÉn c·ªßa Internet, Vi·ªát Nam ƒë∆∞·ª£c ƒë
                                                  √°nh gi√° l√† m·ªôt trong ...

Your command was ignored.
Type  I <command> <return>  to replace it with another command,
or  <return>  to continue without it.

Missing character: There is no n in font nullfont!
Missing character: There is no h in font nullfont!
Missing character: There is no g in font nullfont!
Missing character: There is no i in font nullfont!
Missing character: There is no l in font nullfont!
Missing character: There is no m in font nullfont!

! LaTeX Error: Unicode character ·ªô (U+1ED9)
               not set up for use with LaTeX.

See the LaTeX manual or LaTeX Companion for explanation.
Type  H <return>  for immediate help.
 ...                                              
                                                  
l.3 ...t, Vi·ªát Nam ƒë∆∞·ª£c ƒë√°nh gi√° l√† m·ªô
                                                  t trong nh·ªØng n∆∞·ªõc c√...

You may provide a definition with
\DeclareUnicodeCharacter 

Missing character: There is no t in font nullfont!
Missing character: There is no t in font nullfont!
Missing character: There is no r in font nullfont!
Missing character: There is no o in font nullfont!
Missing character: There is no n in font nullfont!
Missing character: There is no g in font nullfont!
Missing character: There is no n in font nullfont!
Missing character: There is no h in font nullfont!

! LaTeX Error: Unicode character ·ªØ (U+1EEF)
               not set up for use with LaTeX.

See the LaTeX manual or LaTeX Companion for explanation.
Type  H <return>  for immediate help.
 ...                                              
                                                  
l.3 ... ƒë∆∞·ª£c ƒë√°nh gi√° l√† m·ªôt trong nh·ªØ
                                                  ng n∆∞·ªõc c√≥ t·ªëc ƒë·ªô...

You may provide a definition with
\DeclareUnicodeCharacter 

Missing character: There is no n in font nullfont!
Missing character: There is no g in font nullfont!
Missing character: There is no n in font nullfont!

! LaTeX Error: Unicode character ∆∞ (U+01B0)
               not set up for use with LaTeX.

See the LaTeX manual or LaTeX Companion for explanation.
Type  H <return>  for immediate help.
 ...                                              
                                                  
l.3 ...ª£c ƒë√°nh gi√° l√† m·ªôt trong nh·ªØng n∆∞
                                                  ·ªõc c√≥ t·ªëc ƒë·ªô ph√°t...

You may provide a definition with
\DeclareUnicodeCharacter 


! LaTeX Error: Unicode character ·ªõ (U+1EDB)
               not set up for use with LaTeX.

See the LaTeX manual or LaTeX Companion for explanation.
Type  H <return>  for immediate help.
 ...                                              
                                                  
l.3 ... ƒë√°nh gi√° l√† m·ªôt trong nh·ªØng n∆∞·ªõ
                                                  c c√≥ t·ªëc ƒë·ªô ph√°t tr...

You may provide a definition with
\DeclareUnicodeCharacter 

Missing character: There is no c in font nullfont!
Missing character: There is no c in font nullfont!
Missing character: There is no t in font nullfont!

! LaTeX Error: Unicode character ·ªë (U+1ED1)
               not set up for use with LaTeX.

See the LaTeX manual or LaTeX Companion for explanation.
Type  H <return>  for immediate help.
 ...                                              
                                                  
l.3 ...√° l√† m·ªôt trong nh·ªØng n∆∞·ªõc c√≥ t·ªë
                                                  c ƒë·ªô ph√°t tri·ªÉn Inte...

You may provide a definition with
\DeclareUnicodeCharacter 

Missing character: There is no c in font nullfont!

! LaTeX Error: Command \dj unavailable in encoding .

See the LaTeX manual or LaTeX Companion for explanation.
Type  H <return>  for immediate help.
 ...                                              
                                                  
l.3 ...√† m·ªôt trong nh·ªØng n∆∞·ªõc c√≥ t·ªëc ƒë
                                                  ·ªô ph√°t tri·ªÉn Internet...

Your command was ignored.
Type  I <command> <return>  to replace it with another command,
or  <return>  to continue without it.


! LaTeX Error: Unicode character ·ªô (U+1ED9)
               not set up for use with LaTeX.

See the LaTeX manual or LaTeX Companion for explanation.
Type  H <return>  for immediate help.
 ...                                              
                                                  
l.3 ...m·ªôt trong nh·ªØng n∆∞·ªõc c√≥ t·ªëc ƒë·ªô
                                                   ph√°t tri·ªÉn Internet nh...

You may provide a definition with
\DeclareUnicodeCharacter 

Missing character: There is no p in font nullfont!
Missing character: There is no h in font nullfont!
Missing character: There is no t in font nullfont!
Missing character: There is no t in font nullfont!
Missing character: There is no r in font nullfont!
Missing character: There is no i in font nullfont!

! LaTeX Error: Unicode character ·ªÉ (U+1EC3)
               not set up for use with LaTeX.

See the LaTeX manual or LaTeX Companion for explanation.
Type  H <return>  for immediate help.
 ...                                              
                                                  
l.3 ...h·ªØng n∆∞·ªõc c√≥ t·ªëc ƒë·ªô ph√°t tri·ªÉ
                                                  n Internet nhanh nh·∫•t th...

You may provide a definition with
\DeclareUnicodeCharacter 

Missing character: There is no n in font nullfont!
Missing character: There is no I in font nullfont!
Missing character: There is no n in font nullfont!
Missing character: There is no t in font nullfont!
Missing character: There is no e in font nullfont!
Missing character: There is no r in font nullfont!
Missing character: There is no n in font nullfont!
Missing character: There is no e in font nullfont!
Missing character: There is no t in font nullfont!
Missing character: There is no n in font nullfont!
Missing character: There is no h in font nullfont!
Missing character: There is no a in font nullfont!
Missing character: There is no n in font nullfont!
Missing character: There is no h in font nullfont!
Missing character: There is no n in font nullfont!
Missing character: There is no h in font nullfont!

! LaTeX Error: Unicode character ·∫• (U+1EA5)
               not set up for use with LaTeX.

See the LaTeX manual or LaTeX Companion for explanation.
Type  H <return>  for immediate help.
 ...                                              
                                                  
l.3 ...ëc ƒë·ªô ph√°t tri·ªÉn Internet nhanh nh·∫•
                                                  t th·∫ø gi·ªõi (Nguy·ªÖn, ...

You may provide a definition with
\DeclareUnicodeCharacter 

Missing character: There is no t in font nullfont!
Missing character: There is no t in font nullfont!
Missing character: There is no h in font nullfont!

! LaTeX Error: Unicode character ·∫ø (U+1EBF)
               not set up for use with LaTeX.

See the LaTeX manual or LaTeX Companion for explanation.
Type  H <return>  for immediate help.
 ...                                              
                                                  
l.3 ...ô ph√°t tri·ªÉn Internet nhanh nh·∫•t th·∫ø
                                                   gi·ªõi (Nguy·ªÖn, 2022). ...

You may provide a definition with
\DeclareUnicodeCharacter 

Missing character: There is no g in font nullfont!
Missing character: There is no i in font nullfont!

! LaTeX Error: Unicode character ·ªõ (U+1EDB)
               not set up for use with LaTeX.

See the LaTeX manual or LaTeX Companion for explanation.
Type  H <return>  for immediate help.
 ...                                              
                                                  
l.3 ...t tri·ªÉn Internet nhanh nh·∫•t th·∫ø gi·ªõ
                                                  i (Nguy·ªÖn, 2022). Theo b...

You may provide a definition with
\DeclareUnicodeCharacter 

Missing character: There is no i in font nullfont!
Missing character: There is no ( in font nullfont!
Missing character: There is no N in font nullfont!
Missing character: There is no g in font nullfont!
Missing character: There is no u in font nullfont!
Missing character: There is no y in font nullfont!

! LaTeX Error: Unicode character ·ªÖ (U+1EC5)
               not set up for use with LaTeX.

See the LaTeX manual or LaTeX Companion for explanation.
Type  H <return>  for immediate help.
 ...                                              
                                                  
l.3 ...Internet nhanh nh·∫•t th·∫ø gi·ªõi (Nguy·ªÖ
                                                  n, 2022). Theo b√°o c√°o D...

You may provide a definition with
\DeclareUnicodeCharacter 

Missing character: There is no n in font nullfont!
Missing character: There is no , in font nullfont!
Missing character: There is no 2 in font nullfont!
Missing character: There is no 0 in font nullfont!
Missing character: There is no 2 in font nullfont!
Missing character: There is no 2 in font nullfont!
Missing character: There is no ) in font nullfont!
Missing character: There is no . in font nullfont!
Missing character: There is no T in font nullfont!
Missing character: There is no h in font nullfont!
Missing character: There is no e in font nullfont!
Missing character: There is no o in font nullfont!
Missing character: There is no b in font nullfont!
Missing character: There is no o in font nullfont!
Missing character: There is no c in font nullfont!
Missing character: There is no o in font nullfont!
Missing character: There is no D in font nullfont!
Missing character: There is no i in font nullfont!
Missing character: There is no g in font nullfont!
Missing character: There is no i in font nullfont!
Missing character: There is no t in font nullfont!
Missing character: There is no a in font nullfont!
Missing character: There is no l in font nullfont!
Missing character: There is no V in font nullfont!
Missing character: There is no i in font nullfont!

! LaTeX Error: Unicode character ·ªá (U+1EC7)
               not set up for use with LaTeX.

See the LaTeX manual or LaTeX Companion for explanation.
Type  H <return>  for immediate help.
 ...                                              
                                                  
l.3 ...uy·ªÖn, 2022). Theo b√°o c√°o Digital Vi·ªá
                                                  t Nam 2024 c·ªßa We Are So...

You may provide a definition with
\DeclareUnicodeCharacter 

Missing character: There is no t in font nullfont!
Missing character: There is no N in font nullfont!
Missing character: There is no a in font nullfont!
Missing character: There is no m in font nullfont!
Missing character: There is no 2 in font nullfont!
Missing character: There is no 0 in font nullfont!
Missing character: There is no 2 in font nullfont!
Missing character: There is no 4 in font nullfont!
Missing character: There is no c in font nullfont!

! LaTeX Error: Unicode character ·ªß (U+1EE7)
               not set up for use with LaTeX.

See the LaTeX manual or LaTeX Companion for explanation.
Type  H <return>  for immediate help.
 ...                                              
                                                  
l.3 ...Theo b√°o c√°o Digital Vi·ªát Nam 2024 c·ªß
                                                  a We Are Social \& Meltwat...

You may provide a definition with
\DeclareUnicodeCharacter 

Missing character: There is no a in font nullfont!
Missing character: There is no W in font nullfont!
Missing character: There is no e in font nullfont!
Missing character: There is no A in font nullfont!
Missing character: There is no r in font nullfont!
Missing character: There is no e in font nullfont!
Missing character: There is no S in font nullfont!
Missing character: There is no o in font nullfont!
Missing character: There is no c in font nullfont!
Missing character: There is no i in font nullfont!
Missing character: There is no a in font nullfont!
Missing character: There is no l in font nullfont!
Missing character: There is no & in font nullfont!
Missing character: There is no M in font nullfont!
Missing character: There is no e in font nullfont!
Missing character: There is no l in font nullfont!
Missing character: There is no t in font nullfont!
Missing character: There is no w in font nullfont!
Missing character: There is no a in font nullfont!
Missing character: There is no t in font nullfont!
Missing character: There is no e in font nullfont!
Missing character: There is no r in font nullfont!
Missing character: There is no , in font nullfont!
Missing character: There is no v in font nullfont!
Missing character: There is no o in font nullfont!
Missing character: There is no t in font nullfont!
Missing character: There is no h in font nullfont!
Missing character: There is no n in font nullfont!
Missing character: There is no g in font nullfont!
Missing character: There is no 1 in font nullfont!
Missing character: There is no / in font nullfont!
Missing character: There is no 2 in font nullfont!
Missing character: There is no 0 in font nullfont!
Missing character: There is no 2 in font nullfont!
Missing character: There is no 4 in font nullfont!
Missing character: There is no d in font nullfont!
Missing character: There is no n in font nullfont!
Missing character: There is no s in font nullfont!

! LaTeX Error: Unicode character ·ªë (U+1ED1)
               not set up for use with LaTeX.

See the LaTeX manual or LaTeX Companion for explanation.
Type  H <return>  for immediate help.
 ...                                              
                                                  
l.3 ... \& Meltwater, v√†o th√°ng 1/2024 d√¢n s·ªë
                                                   Vi·ªát Nam ƒë·∫°t m·ª©c 9...

You may provide a definition with
\DeclareUnicodeCharacter 

Missing character: There is no V in font nullfont!
Missing character: There is no i in font nullfont!

! LaTeX Error: Unicode character ·ªá (U+1EC7)
               not set up for use with LaTeX.

See the LaTeX manual or LaTeX Companion for explanation.
Type  H <return>  for immediate help.
 ...                                              
                                                  
l.3 ...ltwater, v√†o th√°ng 1/2024 d√¢n s·ªë Vi·ªá
                                                  t Nam ƒë·∫°t m·ª©c 99,19 t...

You may provide a definition with
\DeclareUnicodeCharacter 

Missing character: There is no t in font nullfont!
Missing character: There is no N in font nullfont!
Missing character: There is no a in font nullfont!
Missing character: There is no m in font nullfont!

! LaTeX Error: Command \dj unavailable in encoding .

See the LaTeX manual or LaTeX Companion for explanation.
Type  H <return>  for immediate help.
 ...                                              
                                                  
l.3 ... v√†o th√°ng 1/2024 d√¢n s·ªë Vi·ªát Nam ƒë
                                                  ·∫°t m·ª©c 99,19 tri·ªáu n...

Your command was ignored.
Type  I <command> <return>  to replace it with another command,
or  <return>  to continue without it.


! LaTeX Error: Unicode character ·∫° (U+1EA1)
               not set up for use with LaTeX.

See the LaTeX manual or LaTeX Companion for explanation.
Type  H <return>  for immediate help.
 ...                                              
                                                  
l.3 ...†o th√°ng 1/2024 d√¢n s·ªë Vi·ªát Nam ƒë·∫°
                                                  t m·ª©c 99,19 tri·ªáu ng∆∞...

You may provide a definition with
\DeclareUnicodeCharacter 

Missing character: There is no t in font nullfont!
Missing character: There is no m in font nullfont!

! LaTeX Error: Unicode character ·ª© (U+1EE9)
               not set up for use with LaTeX.

See the LaTeX manual or LaTeX Companion for explanation.
Type  H <return>  for immediate help.
 ...                                              
                                                  
l.3 ...°ng 1/2024 d√¢n s·ªë Vi·ªát Nam ƒë·∫°t m·ª©
                                                  c 99,19 tri·ªáu ng∆∞·ªùi. ...

You may provide a definition with
\DeclareUnicodeCharacter 

Missing character: There is no c in font nullfont!
Missing character: There is no 9 in font nullfont!
Missing character: There is no 9 in font nullfont!
Missing character: There is no , in font nullfont!
Missing character: There is no 1 in font nullfont!
Missing character: There is no 9 in font nullfont!
Missing character: There is no t in font nullfont!
Missing character: There is no r in font nullfont!
Missing character: There is no i in font nullfont!

! LaTeX Error: Unicode character ·ªá (U+1EC7)
               not set up for use with LaTeX.

See the LaTeX manual or LaTeX Companion for explanation.
Type  H <return>  for immediate help.
 ...                                              
                                                  
l.3 ...n s·ªë Vi·ªát Nam ƒë·∫°t m·ª©c 99,19 tri·ªá
                                                  u ng∆∞·ªùi. Trong ƒë√≥ c√≥...

You may provide a definition with
\DeclareUnicodeCharacter 

Missing character: There is no u in font nullfont!
Missing character: There is no n in font nullfont!
Missing character: There is no g in font nullfont!

! LaTeX Error: Unicode character ∆∞ (U+01B0)
               not set up for use with LaTeX.

See the LaTeX manual or LaTeX Companion for explanation.
Type  H <return>  for immediate help.
 ...                                              
                                                  
l.3 ... Vi·ªát Nam ƒë·∫°t m·ª©c 99,19 tri·ªáu ng∆∞
                                                  ·ªùi. Trong ƒë√≥ c√≥ 78,44...

You may provide a definition with
\DeclareUnicodeCharacter 


! LaTeX Error: Unicode character ·ªù (U+1EDD)
               not set up for use with LaTeX.

See the LaTeX manual or LaTeX Companion for explanation.
Type  H <return>  for immediate help.
 ...                                              
                                                  
l.3 ...·ªát Nam ƒë·∫°t m·ª©c 99,19 tri·ªáu ng∆∞·ªù
                                                  i. Trong ƒë√≥ c√≥ 78,44 tr...

You may provide a definition with
\DeclareUnicodeCharacter 

Missing character: There is no i in font nullfont!
Missing character: There is no . in font nullfont!
Missing character: There is no T in font nullfont!
Missing character: There is no r in font nullfont!
Missing character: There is no o in font nullfont!
Missing character: There is no n in font nullfont!
Missing character: There is no g in font nullfont!

! LaTeX Error: Command \dj unavailable in encoding .

See the LaTeX manual or LaTeX Companion for explanation.
Type  H <return>  for immediate help.
 ...                                              
                                                  
l.3 ...·∫°t m·ª©c 99,19 tri·ªáu ng∆∞·ªùi. Trong ƒë
                                                  √≥ c√≥ 78,44 tri·ªáu ng∆∞·...

Your command was ignored.
Type  I <command> <return>  to replace it with another command,
or  <return>  to continue without it.

Missing character: There is no c in font nullfont!
Missing character: There is no 7 in font nullfont!
Missing character: There is no 8 in font nullfont!
Missing character: There is no , in font nullfont!
Missing character: There is no 4 in font nullfont!
Missing character: There is no 4 in font nullfont!
Missing character: There is no t in font nullfont!
Missing character: There is no r in font nullfont!
Missing character: There is no i in font nullfont!

! LaTeX Error: Unicode character ·ªá (U+1EC7)
               not set up for use with LaTeX.

See the LaTeX manual or LaTeX Companion for explanation.
Type  H <return>  for immediate help.
 ...                                              
                                                  
l.3 ...i·ªáu ng∆∞·ªùi. Trong ƒë√≥ c√≥ 78,44 tri·ªá
                                                  u ng∆∞·ªùi d√πng Internet ...

You may provide a definition with
\DeclareUnicodeCharacter 

Missing character: There is no u in font nullfont!
Missing character: There is no n in font nullfont!
Missing character: There is no g in font nullfont!

! LaTeX Error: Unicode character ∆∞ (U+01B0)
               not set up for use with LaTeX.

See the LaTeX manual or LaTeX Companion for explanation.
Type  H <return>  for immediate help.
 ...                                              
                                                  
l.3 ...ng∆∞·ªùi. Trong ƒë√≥ c√≥ 78,44 tri·ªáu ng∆∞
                                                  ·ªùi d√πng Internet (chi·∫...

You may provide a definition with
\DeclareUnicodeCharacter 


! LaTeX Error: Unicode character ·ªù (U+1EDD)
               not set up for use with LaTeX.

See the LaTeX manual or LaTeX Companion for explanation.
Type  H <return>  for immediate help.
 ...                                              
                                                  
l.3 ...∞·ªùi. Trong ƒë√≥ c√≥ 78,44 tri·ªáu ng∆∞·ªù
                                                  i d√πng Internet (chi·∫øm ...

You may provide a definition with
\DeclareUnicodeCharacter 

Missing character: There is no i in font nullfont!
Missing character: There is no d in font nullfont!
Missing character: There is no n in font nullfont!
Missing character: There is no g in font nullfont!
Missing character: There is no I in font nullfont!
Missing character: There is no n in font nullfont!
Missing character: There is no t in font nullfont!
Missing character: There is no e in font nullfont!
Missing character: There is no r in font nullfont!
Missing character: There is no n in font nullfont!
Missing character: There is no e in font nullfont!
Missing character: There is no t in font nullfont!
Missing character: There is no ( in font nullfont!
Missing character: There is no c in font nullfont!
Missing character: There is no h in font nullfont!
Missing character: There is no i in font nullfont!

! LaTeX Error: Unicode character ·∫ø (U+1EBF)
               not set up for use with LaTeX.

See the LaTeX manual or LaTeX Companion for explanation.
Type  H <return>  for immediate help.
 ...                                              
                                                  
l.3 ...,44 tri·ªáu ng∆∞·ªùi d√πng Internet (chi·∫ø
                                                  m 79,1\% d√¢n s·ªë) v√† 2,...

You may provide a definition with
\DeclareUnicodeCharacter 

Missing character: There is no m in font nullfont!
Missing character: There is no 7 in font nullfont!
Missing character: There is no 9 in font nullfont!
Missing character: There is no , in font nullfont!
Missing character: There is no 1 in font nullfont!
Missing character: There is no % in font nullfont!
Missing character: There is no d in font nullfont!
Missing character: There is no n in font nullfont!
Missing character: There is no s in font nullfont!

! LaTeX Error: Unicode character ·ªë (U+1ED1)
               not set up for use with LaTeX.

See the LaTeX manual or LaTeX Companion for explanation.
Type  H <return>  for immediate help.
 ...                                              
                                                  
l.3 ...ùi d√πng Internet (chi·∫øm 79,1\% d√¢n s·ªë
                                                  ) v√† 2,70 tri·ªáu ng∆∞·ªù...

You may provide a definition with
\DeclareUnicodeCharacter 

Missing character: There is no ) in font nullfont!
Missing character: There is no v in font nullfont!
Missing character: There is no 2 in font nullfont!
Missing character: There is no , in font nullfont!
Missing character: There is no 7 in font nullfont!
Missing character: There is no 0 in font nullfont!
Missing character: There is no t in font nullfont!
Missing character: There is no r in font nullfont!
Missing character: There is no i in font nullfont!

! LaTeX Error: Unicode character ·ªá (U+1EC7)
               not set up for use with LaTeX.

See the LaTeX manual or LaTeX Companion for explanation.
Type  H <return>  for immediate help.
 ...                                              
                                                  
l.3 ... (chi·∫øm 79,1\% d√¢n s·ªë) v√† 2,70 tri·ªá
                                                  u ng∆∞·ªùi d√πng m·∫°ng x√...

You may provide a definition with
\DeclareUnicodeCharacter 

Missing character: There is no u in font nullfont!
Missing character: There is no n in font nullfont!
Missing character: There is no g in font nullfont!

! LaTeX Error: Unicode character ∆∞ (U+01B0)
               not set up for use with LaTeX.

See the LaTeX manual or LaTeX Companion for explanation.
Type  H <return>  for immediate help.
 ...                                              
                                                  
l.3 ...∫øm 79,1\% d√¢n s·ªë) v√† 2,70 tri·ªáu ng∆∞
                                                  ·ªùi d√πng m·∫°ng x√£ h·ªô...

You may provide a definition with
\DeclareUnicodeCharacter 


! LaTeX Error: Unicode character ·ªù (U+1EDD)
               not set up for use with LaTeX.

See the LaTeX manual or LaTeX Companion for explanation.
Type  H <return>  for immediate help.
 ...                                              
                                                  
l.3 ... 79,1\% d√¢n s·ªë) v√† 2,70 tri·ªáu ng∆∞·ªù
                                                  i d√πng m·∫°ng x√£ h·ªôi (...

You may provide a definition with
\DeclareUnicodeCharacter 

Missing character: There is no i in font nullfont!
Missing character: There is no d in font nullfont!
Missing character: There is no n in font nullfont!
Missing character: There is no g in font nullfont!
Missing character: There is no m in font nullfont!

! LaTeX Error: Unicode character ·∫° (U+1EA1)
               not set up for use with LaTeX.

See the LaTeX manual or LaTeX Companion for explanation.
Type  H <return>  for immediate help.
 ...                                              
                                                  
l.3 ... s·ªë) v√† 2,70 tri·ªáu ng∆∞·ªùi d√πng m·∫°
                                                  ng x√£ h·ªôi (chi·∫øm 73,3...

You may provide a definition with
\DeclareUnicodeCharacter 

Missing character: There is no n in font nullfont!
Missing character: There is no g in font nullfont!
Missing character: There is no x in font nullfont!
Missing character: There is no h in font nullfont!

! LaTeX Error: Unicode character ·ªô (U+1ED9)
               not set up for use with LaTeX.

See the LaTeX manual or LaTeX Companion for explanation.
Type  H <return>  for immediate help.
 ...                                              
                                                  
l.3 ...2,70 tri·ªáu ng∆∞·ªùi d√πng m·∫°ng x√£ h·ªô
                                                  i (chi·∫øm 73,3\% d√¢n s·ª...

You may provide a definition with
\DeclareUnicodeCharacter 

Missing character: There is no i in font nullfont!
Missing character: There is no ( in font nullfont!
Missing character: There is no c in font nullfont!
Missing character: There is no h in font nullfont!
Missing character: There is no i in font nullfont!

! LaTeX Error: Unicode character ·∫ø (U+1EBF)
               not set up for use with LaTeX.

See the LaTeX manual or LaTeX Companion for explanation.
Type  H <return>  for immediate help.
 ...                                              
                                                  
l.3 ...ªáu ng∆∞·ªùi d√πng m·∫°ng x√£ h·ªôi (chi·∫ø
                                                  m 73,3\% d√¢n s·ªë) (Siom,...

You may provide a definition with
\DeclareUnicodeCharacter 

Missing character: There is no m in font nullfont!
Missing character: There is no 7 in font nullfont!
Missing character: There is no 3 in font nullfont!
Missing character: There is no , in font nullfont!
Missing character: There is no 3 in font nullfont!
Missing character: There is no % in font nullfont!
Missing character: There is no d in font nullfont!
Missing character: There is no n in font nullfont!
Missing character: There is no s in font nullfont!

! LaTeX Error: Unicode character ·ªë (U+1ED1)
               not set up for use with LaTeX.

See the LaTeX manual or LaTeX Companion for explanation.
Type  H <return>  for immediate help.
 ...                                              
                                                  
l.3 ... m·∫°ng x√£ h·ªôi (chi·∫øm 73,3\% d√¢n s·ªë
                                                  ) (Siom, 2024). Ph∆∞∆°ng t...

You may provide a definition with
\DeclareUnicodeCharacter 

Missing character: There is no ) in font nullfont!
Missing character: There is no ( in font nullfont!
Missing character: There is no S in font nullfont!
Missing character: There is no i in font nullfont!
Missing character: There is no o in font nullfont!
Missing character: There is no m in font nullfont!
Missing character: There is no , in font nullfont!
Missing character: There is no 2 in font nullfont!
Missing character: There is no 0 in font nullfont!
Missing character: There is no 2 in font nullfont!
Missing character: There is no 4 in font nullfont!
Missing character: There is no ) in font nullfont!
Missing character: There is no . in font nullfont!
Missing character: There is no P in font nullfont!
Missing character: There is no h in font nullfont!

! LaTeX Error: Unicode character ∆∞ (U+01B0)
               not set up for use with LaTeX.

See the LaTeX manual or LaTeX Companion for explanation.
Type  H <return>  for immediate help.
 ...                                              
                                                  
l.3 ...hi·∫øm 73,3\% d√¢n s·ªë) (Siom, 2024). Ph∆∞
                                                  ∆°ng ti·ªán truy·ªÅn th√¥n...

You may provide a definition with
\DeclareUnicodeCharacter 


! LaTeX Error: Unicode character ∆° (U+01A1)
               not set up for use with LaTeX.

See the LaTeX manual or LaTeX Companion for explanation.
Type  H <return>  for immediate help.
 ...                                              
                                                  
l.3 ...·∫øm 73,3\% d√¢n s·ªë) (Siom, 2024). Ph∆∞∆°
                                                  ng ti·ªán truy·ªÅn th√¥ng ...

You may provide a definition with
\DeclareUnicodeCharacter 

Missing character: There is no n in font nullfont!
Missing character: There is no g in font nullfont!
Missing character: There is no t in font nullfont!
Missing character: There is no i in font nullfont!

! LaTeX Error: Unicode character ·ªá (U+1EC7)
               not set up for use with LaTeX.

See the LaTeX manual or LaTeX Companion for explanation.
Type  H <return>  for immediate help.
 ...                                              
                                                  
l.3 ...3\% d√¢n s·ªë) (Siom, 2024). Ph∆∞∆°ng ti·ªá
                                                  n truy·ªÅn th√¥ng x√£ h·ªô...

You may provide a definition with
\DeclareUnicodeCharacter 

Missing character: There is no n in font nullfont!
Missing character: There is no t in font nullfont!
Missing character: There is no r in font nullfont!
Missing character: There is no u in font nullfont!
Missing character: There is no y in font nullfont!

! LaTeX Error: Unicode character ·ªÅ (U+1EC1)
               not set up for use with LaTeX.

See the LaTeX manual or LaTeX Companion for explanation.
Type  H <return>  for immediate help.
 ...                                              
                                                  
l.3 ...s·ªë) (Siom, 2024). Ph∆∞∆°ng ti·ªán truy·ªÅ
                                                  n th√¥ng x√£ h·ªôi ƒë√£ tr...

You may provide a definition with
\DeclareUnicodeCharacter 

Missing character: There is no n in font nullfont!
Missing character: There is no t in font nullfont!
Missing character: There is no h in font nullfont!
Missing character: There is no n in font nullfont!
Missing character: There is no g in font nullfont!
Missing character: There is no x in font nullfont!
Missing character: There is no h in font nullfont!

! LaTeX Error: Unicode character ·ªô (U+1ED9)
               not set up for use with LaTeX.

See the LaTeX manual or LaTeX Companion for explanation.
Type  H <return>  for immediate help.
 ...                                              
                                                  
l.3 ...). Ph∆∞∆°ng ti·ªán truy·ªÅn th√¥ng x√£ h·ªô
                                                  i ƒë√£ tr·ªü th√†nh m·ªôt ...

You may provide a definition with
\DeclareUnicodeCharacter 

Missing character: There is no i in font nullfont!

! LaTeX Error: Command \dj unavailable in encoding .

See the LaTeX manual or LaTeX Companion for explanation.
Type  H <return>  for immediate help.
 ...                                              
                                                  
l.3 ...h∆∞∆°ng ti·ªán truy·ªÅn th√¥ng x√£ h·ªôi ƒë
                                                  √£ tr·ªü th√†nh m·ªôt ph·∫...

Your command was ignored.
Type  I <command> <return>  to replace it with another command,
or  <return>  to continue without it.

Missing character: There is no t in font nullfont!
Missing character: There is no r in font nullfont!

! LaTeX Error: Unicode character ·ªü (U+1EDF)
               not set up for use with LaTeX.

See the LaTeX manual or LaTeX Companion for explanation.
Type  H <return>  for immediate help.
 ...                                              
                                                  
l.3 ...ti·ªán truy·ªÅn th√¥ng x√£ h·ªôi ƒë√£ tr·ªü
                                                   th√†nh m·ªôt ph·∫ßn quan ...

You may provide a definition with
\DeclareUnicodeCharacter 

Missing character: There is no t in font nullfont!
Missing character: There is no h in font nullfont!
Missing character: There is no n in font nullfont!
Missing character: There is no h in font nullfont!
Missing character: There is no m in font nullfont!

! LaTeX Error: Unicode character ·ªô (U+1ED9)
               not set up for use with LaTeX.

See the LaTeX manual or LaTeX Companion for explanation.
Type  H <return>  for immediate help.
 ...                                              
                                                  
l.3 ...ªÅn th√¥ng x√£ h·ªôi ƒë√£ tr·ªü th√†nh m·ªô
                                                  t ph·∫ßn quan tr·ªçng tron...

You may provide a definition with
\DeclareUnicodeCharacter 

Missing character: There is no t in font nullfont!
Missing character: There is no p in font nullfont!
Missing character: There is no h in font nullfont!

! LaTeX Error: Unicode character ·∫ß (U+1EA7)
               not set up for use with LaTeX.

See the LaTeX manual or LaTeX Companion for explanation.
Type  H <return>  for immediate help.
 ...                                              
                                                  
l.3 ...¥ng x√£ h·ªôi ƒë√£ tr·ªü th√†nh m·ªôt ph·∫ß
                                                  n quan tr·ªçng trong cu·ªô...

You may provide a definition with
\DeclareUnicodeCharacter 

Missing character: There is no n in font nullfont!
Missing character: There is no q in font nullfont!
Missing character: There is no u in font nullfont!
Missing character: There is no a in font nullfont!
Missing character: There is no n in font nullfont!
Missing character: There is no t in font nullfont!
Missing character: There is no r in font nullfont!

! LaTeX Error: Unicode character ·ªç (U+1ECD)
               not set up for use with LaTeX.

See the LaTeX manual or LaTeX Companion for explanation.
Type  H <return>  for immediate help.
 ...                                              
                                                  
l.3 ...i ƒë√£ tr·ªü th√†nh m·ªôt ph·∫ßn quan tr·ªç
                                                  ng trong cu·ªôc s·ªëng h√†...

You may provide a definition with
\DeclareUnicodeCharacter 

Missing character: There is no n in font nullfont!
Missing character: There is no g in font nullfont!
Missing character: There is no t in font nullfont!
Missing character: There is no r in font nullfont!
Missing character: There is no o in font nullfont!
Missing character: There is no n in font nullfont!
Missing character: There is no g in font nullfont!
Missing character: There is no c in font nullfont!
Missing character: There is no u in font nullfont!

! LaTeX Error: Unicode character ·ªô (U+1ED9)
               not set up for use with LaTeX.

See the LaTeX manual or LaTeX Companion for explanation.
Type  H <return>  for immediate help.
 ...                                              
                                                  
l.3 ...h√†nh m·ªôt ph·∫ßn quan tr·ªçng trong cu·ªô
                                                  c s·ªëng h√†ng ng√†y c·ªßa...

You may provide a definition with
\DeclareUnicodeCharacter 

Missing character: There is no c in font nullfont!
Missing character: There is no s in font nullfont!

! LaTeX Error: Unicode character ·ªë (U+1ED1)
               not set up for use with LaTeX.

See the LaTeX manual or LaTeX Companion for explanation.
Type  H <return>  for immediate help.
 ...                                              
                                                  
l.3 ...m·ªôt ph·∫ßn quan tr·ªçng trong cu·ªôc s·ªë
                                                  ng h√†ng ng√†y c·ªßa m·ªçi...

You may provide a definition with
\DeclareUnicodeCharacter 

Missing character: There is no n in font nullfont!
Missing character: There is no g in font nullfont!
Missing character: There is no h in font nullfont!
Missing character: There is no n in font nullfont!
Missing character: There is no g in font nullfont!
Missing character: There is no n in font nullfont!
Missing character: There is no g in font nullfont!
Missing character: There is no y in font nullfont!
Missing character: There is no c in font nullfont!

! LaTeX Error: Unicode character ·ªß (U+1EE7)
               not set up for use with LaTeX.

See the LaTeX manual or LaTeX Companion for explanation.
Type  H <return>  for immediate help.
 ...                                              
                                                  
l.3 ...r·ªçng trong cu·ªôc s·ªëng h√†ng ng√†y c·ªß
                                                  a m·ªçi ng∆∞·ªùi tr√™n kh·...

You may provide a definition with
\DeclareUnicodeCharacter 

Missing character: There is no a in font nullfont!
Missing character: There is no m in font nullfont!

! LaTeX Error: Unicode character ·ªç (U+1ECD)
               not set up for use with LaTeX.

See the LaTeX manual or LaTeX Companion for explanation.
Type  H <return>  for immediate help.
 ...                                              
                                                  
l.3 ... trong cu·ªôc s·ªëng h√†ng ng√†y c·ªßa m·ªç
                                                  i ng∆∞·ªùi tr√™n kh·∫Øp th...

You may provide a definition with
\DeclareUnicodeCharacter 

Missing character: There is no i in font nullfont!
Missing character: There is no n in font nullfont!
Missing character: There is no g in font nullfont!

! LaTeX Error: Unicode character ∆∞ (U+01B0)
               not set up for use with LaTeX.

See the LaTeX manual or LaTeX Companion for explanation.
Type  H <return>  for immediate help.
 ...                                              
                                                  
l.3 ... cu·ªôc s·ªëng h√†ng ng√†y c·ªßa m·ªçi ng∆∞
                                                  ·ªùi tr√™n kh·∫Øp th·∫ø gi...

You may provide a definition with
\DeclareUnicodeCharacter 


! LaTeX Error: Unicode character ·ªù (U+1EDD)
               not set up for use with LaTeX.

See the LaTeX manual or LaTeX Companion for explanation.
Type  H <return>  for immediate help.
 ...                                              
                                                  
l.3 ...·ªôc s·ªëng h√†ng ng√†y c·ªßa m·ªçi ng∆∞·ªù
                                                  i tr√™n kh·∫Øp th·∫ø gi·ªõ...

You may provide a definition with
\DeclareUnicodeCharacter 

Missing character: There is no i in font nullfont!
Missing character: There is no t in font nullfont!
Missing character: There is no r in font nullfont!
Missing character: There is no n in font nullfont!
Missing character: There is no k in font nullfont!
Missing character: There is no h in font nullfont!

! LaTeX Error: Unicode character ·∫Ø (U+1EAF)
               not set up for use with LaTeX.

See the LaTeX manual or LaTeX Companion for explanation.
Type  H <return>  for immediate help.
 ...                                              
                                                  
l.3 ...√†ng ng√†y c·ªßa m·ªçi ng∆∞·ªùi tr√™n kh·∫Ø
                                                  p th·∫ø gi·ªõi v√† n√≥ c≈©...

You may provide a definition with
\DeclareUnicodeCharacter 

Missing character: There is no p in font nullfont!
Missing character: There is no t in font nullfont!
Missing character: There is no h in font nullfont!

! LaTeX Error: Unicode character ·∫ø (U+1EBF)
               not set up for use with LaTeX.

See the LaTeX manual or LaTeX Companion for explanation.
Type  H <return>  for immediate help.
 ...                                              
                                                  
l.3 ...√†y c·ªßa m·ªçi ng∆∞·ªùi tr√™n kh·∫Øp th·∫ø
                                                   gi·ªõi v√† n√≥ c≈©ng ng√†...

You may provide a definition with
\DeclareUnicodeCharacter 

Missing character: There is no g in font nullfont!
Missing character: There is no i in font nullfont!

! LaTeX Error: Unicode character ·ªõ (U+1EDB)
               not set up for use with LaTeX.

See the LaTeX manual or LaTeX Companion for explanation.
Type  H <return>  for immediate help.
 ...                                              
                                                  
l.3 ...ªßa m·ªçi ng∆∞·ªùi tr√™n kh·∫Øp th·∫ø gi·ªõ
                                                  i v√† n√≥ c≈©ng ng√†y c√†n...

You may provide a definition with
\DeclareUnicodeCharacter 

Missing character: There is no i in font nullfont!
Missing character: There is no v in font nullfont!
Missing character: There is no n in font nullfont!
Missing character: There is no c in font nullfont!
Missing character: There is no n in font nullfont!
Missing character: There is no g in font nullfont!
Missing character: There is no n in font nullfont!
Missing character: There is no g in font nullfont!
Missing character: There is no y in font nullfont!
Missing character: There is no c in font nullfont!
Missing character: There is no n in font nullfont!
Missing character: There is no g in font nullfont!

! LaTeX Error: Command \dj unavailable in encoding .

See the LaTeX manual or LaTeX Companion for explanation.
Type  H <return>  for immediate help.
 ...                                              
                                                  
l.3 ...p th·∫ø gi·ªõi v√† n√≥ c≈©ng ng√†y c√†ng ƒë
                                                  ∆∞·ª£c c√°c c√¥ng ty s·ª≠ ...

Your command was ignored.
Type  I <command> <return>  to replace it with another command,
or  <return>  to continue without it.


! LaTeX Error: Unicode character ∆∞ (U+01B0)
               not set up for use with LaTeX.

See the LaTeX manual or LaTeX Companion for explanation.
Type  H <return>  for immediate help.
 ...                                              
                                                  
l.3 ...th·∫ø gi·ªõi v√† n√≥ c≈©ng ng√†y c√†ng ƒë∆∞
                                                  ·ª£c c√°c c√¥ng ty s·ª≠ d·...

You may provide a definition with
\DeclareUnicodeCharacter 


! LaTeX Error: Unicode character ·ª£ (U+1EE3)
               not set up for use with LaTeX.

See the LaTeX manual or LaTeX Companion for explanation.
Type  H <return>  for immediate help.
 ...                                              
                                                  
l.3 ...∫ø gi·ªõi v√† n√≥ c≈©ng ng√†y c√†ng ƒë∆∞·ª£
                                                  c c√°c c√¥ng ty s·ª≠ d·ª•n...

You may provide a definition with
\DeclareUnicodeCharacter 

Missing character: There is no c in font nullfont!
Missing character: There is no c in font nullfont!
Missing character: There is no c in font nullfont!
Missing character: There is no c in font nullfont!
Missing character: There is no n in font nullfont!
Missing character: There is no g in font nullfont!
Missing character: There is no t in font nullfont!
Missing character: There is no y in font nullfont!
Missing character: There is no s in font nullfont!

! LaTeX Error: Unicode character ·ª≠ (U+1EED)
               not set up for use with LaTeX.

See the LaTeX manual or LaTeX Companion for explanation.
Type  H <return>  for immediate help.
 ...                                              
                                                  
l.3 ...©ng ng√†y c√†ng ƒë∆∞·ª£c c√°c c√¥ng ty s·ª≠
                                                   d·ª•ng nh∆∞ m·ªôt ph·∫ßn ...

You may provide a definition with
\DeclareUnicodeCharacter 

Missing character: There is no d in font nullfont!

! LaTeX Error: Unicode character ·ª• (U+1EE5)
               not set up for use with LaTeX.

See the LaTeX manual or LaTeX Companion for explanation.
Type  H <return>  for immediate help.
 ...                                              
                                                  
l.3 ...g√†y c√†ng ƒë∆∞·ª£c c√°c c√¥ng ty s·ª≠ d·ª•
                                                  ng nh∆∞ m·ªôt ph·∫ßn c·ªßa...

You may provide a definition with
\DeclareUnicodeCharacter 

Missing character: There is no n in font nullfont!
Missing character: There is no g in font nullfont!
Missing character: There is no n in font nullfont!
Missing character: There is no h in font nullfont!

! LaTeX Error: Unicode character ∆∞ (U+01B0)
               not set up for use with LaTeX.

See the LaTeX manual or LaTeX Companion for explanation.
Type  H <return>  for immediate help.
 ...                                              
                                                  
l.3 ...†ng ƒë∆∞·ª£c c√°c c√¥ng ty s·ª≠ d·ª•ng nh∆∞
                                                   m·ªôt ph·∫ßn c·ªßa chi·∫ø...

You may provide a definition with
\DeclareUnicodeCharacter 

Missing character: There is no m in font nullfont!

! LaTeX Error: Unicode character ·ªô (U+1ED9)
               not set up for use with LaTeX.

See the LaTeX manual or LaTeX Companion for explanation.
Type  H <return>  for immediate help.
 ...                                              
                                                  
l.3 ...ë∆∞·ª£c c√°c c√¥ng ty s·ª≠ d·ª•ng nh∆∞ m·ªô
                                                  t ph·∫ßn c·ªßa chi·∫øn l∆∞...

You may provide a definition with
\DeclareUnicodeCharacter 

Missing character: There is no t in font nullfont!
Missing character: There is no p in font nullfont!
Missing character: There is no h in font nullfont!

! LaTeX Error: Unicode character ·∫ß (U+1EA7)
               not set up for use with LaTeX.

See the LaTeX manual or LaTeX Companion for explanation.
Type  H <return>  for immediate help.
 ...                                              
                                                  
l.3 ... c√°c c√¥ng ty s·ª≠ d·ª•ng nh∆∞ m·ªôt ph·∫ß
                                                  n c·ªßa chi·∫øn l∆∞·ª£c ti...

You may provide a definition with
\DeclareUnicodeCharacter 

Missing character: There is no n in font nullfont!
Missing character: There is no c in font nullfont!

! LaTeX Error: Unicode character ·ªß (U+1EE7)
               not set up for use with LaTeX.

See the LaTeX manual or LaTeX Companion for explanation.
Type  H <return>  for immediate help.
 ...                                              
                                                  
l.3 ...c√¥ng ty s·ª≠ d·ª•ng nh∆∞ m·ªôt ph·∫ßn c·ªß
                                                  a chi·∫øn l∆∞·ª£c ti·∫øp t...

You may provide a definition with
\DeclareUnicodeCharacter 

Missing character: There is no a in font nullfont!
Missing character: There is no c in font nullfont!
Missing character: There is no h in font nullfont!
Missing character: There is no i in font nullfont!

! LaTeX Error: Unicode character ·∫ø (U+1EBF)
               not set up for use with LaTeX.

See the LaTeX manual or LaTeX Companion for explanation.
Type  H <return>  for immediate help.
 ...                                              
                                                  
l.3 ... s·ª≠ d·ª•ng nh∆∞ m·ªôt ph·∫ßn c·ªßa chi·∫ø
                                                  n l∆∞·ª£c ti·∫øp th·ªã, d·...

You may provide a definition with
\DeclareUnicodeCharacter 

Missing character: There is no n in font nullfont!
Missing character: There is no l in font nullfont!

! LaTeX Error: Unicode character ∆∞ (U+01B0)
               not set up for use with LaTeX.

See the LaTeX manual or LaTeX Companion for explanation.
Type  H <return>  for immediate help.
 ...                                              
                                                  
l.3 ... d·ª•ng nh∆∞ m·ªôt ph·∫ßn c·ªßa chi·∫øn l∆∞
                                                  ·ª£c ti·∫øp th·ªã, d·ªãch ...

You may provide a definition with
\DeclareUnicodeCharacter 


! LaTeX Error: Unicode character ·ª£ (U+1EE3)
               not set up for use with LaTeX.

See the LaTeX manual or LaTeX Companion for explanation.
Type  H <return>  for immediate help.
 ...                                              
                                                  
l.3 ...ª•ng nh∆∞ m·ªôt ph·∫ßn c·ªßa chi·∫øn l∆∞·ª£
                                                  c ti·∫øp th·ªã, d·ªãch v·ª...

You may provide a definition with
\DeclareUnicodeCharacter 

Missing character: There is no c in font nullfont!
Missing character: There is no t in font nullfont!
Missing character: There is no i in font nullfont!

! LaTeX Error: Unicode character ·∫ø (U+1EBF)
               not set up for use with LaTeX.

See the LaTeX manual or LaTeX Companion for explanation.
Type  H <return>  for immediate help.
 ...                                              
                                                  
l.3 ...∆∞ m·ªôt ph·∫ßn c·ªßa chi·∫øn l∆∞·ª£c ti·∫ø
                                                  p th·ªã, d·ªãch v·ª• kh√°c...

You may provide a definition with
\DeclareUnicodeCharacter 

Missing character: There is no p in font nullfont!
Missing character: There is no t in font nullfont!
Missing character: There is no h in font nullfont!

! LaTeX Error: Unicode character ·ªã (U+1ECB)
               not set up for use with LaTeX.

See the LaTeX manual or LaTeX Companion for explanation.
Type  H <return>  for immediate help.
 ...                                              
                                                  
l.3 ...t ph·∫ßn c·ªßa chi·∫øn l∆∞·ª£c ti·∫øp th·ªã
                                                  , d·ªãch v·ª• kh√°ch h√†ng...

You may provide a definition with
\DeclareUnicodeCharacter 

Missing character: There is no , in font nullfont!
Missing character: There is no d in font nullfont!

! LaTeX Error: Unicode character ·ªã (U+1ECB)
               not set up for use with LaTeX.

See the LaTeX manual or LaTeX Companion for explanation.
Type  H <return>  for immediate help.
 ...                                              
                                                  
l.3 ...ßn c·ªßa chi·∫øn l∆∞·ª£c ti·∫øp th·ªã, d·ªã
                                                  ch v·ª• kh√°ch h√†ng, nghi...

You may provide a definition with
\DeclareUnicodeCharacter 

Missing character: There is no c in font nullfont!
Missing character: There is no h in font nullfont!
Missing character: There is no v in font nullfont!

! LaTeX Error: Unicode character ·ª• (U+1EE5)
               not set up for use with LaTeX.

See the LaTeX manual or LaTeX Companion for explanation.
Type  H <return>  for immediate help.
 ...                                              
                                                  
l.3 ...a chi·∫øn l∆∞·ª£c ti·∫øp th·ªã, d·ªãch v·ª•
                                                   kh√°ch h√†ng, nghi√™n c·ª...

You may provide a definition with
\DeclareUnicodeCharacter 

Missing character: There is no k in font nullfont!
Missing character: There is no h in font nullfont!
Missing character: There is no c in font nullfont!
Missing character: There is no h in font nullfont!
Missing character: There is no h in font nullfont!
Missing character: There is no n in font nullfont!
Missing character: There is no g in font nullfont!
Missing character: There is no , in font nullfont!
Missing character: There is no n in font nullfont!
Missing character: There is no g in font nullfont!
Missing character: There is no h in font nullfont!
Missing character: There is no i in font nullfont!
Missing character: There is no n in font nullfont!
Missing character: There is no c in font nullfont!

! LaTeX Error: Unicode character ·ª© (U+1EE9)
               not set up for use with LaTeX.

See the LaTeX manual or LaTeX Companion for explanation.
Type  H <return>  for immediate help.
 ...                                              
                                                  
l.3 ...·ªã, d·ªãch v·ª• kh√°ch h√†ng, nghi√™n c·ª©
                                                  u v√† ph√°t tri·ªÉn (Varga...

You may provide a definition with
\DeclareUnicodeCharacter 

Missing character: There is no u in font nullfont!
Missing character: There is no v in font nullfont!
Missing character: There is no p in font nullfont!
Missing character: There is no h in font nullfont!
Missing character: There is no t in font nullfont!
Missing character: There is no t in font nullfont!
Missing character: There is no r in font nullfont!
Missing character: There is no i in font nullfont!

! LaTeX Error: Unicode character ·ªÉ (U+1EC3)
               not set up for use with LaTeX.

See the LaTeX manual or LaTeX Companion for explanation.
Type  H <return>  for immediate help.
 ...                                              
                                                  
l.3 ...h√°ch h√†ng, nghi√™n c·ª©u v√† ph√°t tri·ªÉ
                                                  n (Varga, 2021). S·ª± ph√°...

You may provide a definition with
\DeclareUnicodeCharacter 

Missing character: There is no n in font nullfont!
Missing character: There is no ( in font nullfont!
Missing character: There is no V in font nullfont!
Missing character: There is no a in font nullfont!
Missing character: There is no r in font nullfont!
Missing character: There is no g in font nullfont!
Missing character: There is no a in font nullfont!
Missing character: There is no , in font nullfont!
Missing character: There is no 2 in font nullfont!
Missing character: There is no 0 in font nullfont!
Missing character: There is no 2 in font nullfont!
Missing character: There is no 1 in font nullfont!
Missing character: There is no ) in font nullfont!
Missing character: There is no . in font nullfont!
Missing character: There is no S in font nullfont!

! LaTeX Error: Unicode character ·ª± (U+1EF1)
               not set up for use with LaTeX.

See the LaTeX manual or LaTeX Companion for explanation.
Type  H <return>  for immediate help.
 ...                                              
                                                  
l.3 ...c·ª©u v√† ph√°t tri·ªÉn (Varga, 2021). S·ª±
                                                   ph√°t tri·ªÉn c·ªßa truy·...

You may provide a definition with
\DeclareUnicodeCharacter 

Missing character: There is no p in font nullfont!
Missing character: There is no h in font nullfont!
Missing character: There is no t in font nullfont!
Missing character: There is no t in font nullfont!
Missing character: There is no r in font nullfont!
Missing character: There is no i in font nullfont!

! LaTeX Error: Unicode character ·ªÉ (U+1EC3)
               not set up for use with LaTeX.

See the LaTeX manual or LaTeX Companion for explanation.
Type  H <return>  for immediate help.
 ...                                              
                                                  
l.3 ...°t tri·ªÉn (Varga, 2021). S·ª± ph√°t tri·ªÉ
                                                  n c·ªßa truy·ªÅn th√¥ng m·...

You may provide a definition with
\DeclareUnicodeCharacter 

Missing character: There is no n in font nullfont!
Missing character: There is no c in font nullfont!

! LaTeX Error: Unicode character ·ªß (U+1EE7)
               not set up for use with LaTeX.

See the LaTeX manual or LaTeX Companion for explanation.
Type  H <return>  for immediate help.
 ...                                              
                                                  
l.3 ...·ªÉn (Varga, 2021). S·ª± ph√°t tri·ªÉn c·ªß
                                                  a truy·ªÅn th√¥ng m·∫°ng x...

You may provide a definition with
\DeclareUnicodeCharacter 

Missing character: There is no a in font nullfont!
Missing character: There is no t in font nullfont!
Missing character: There is no r in font nullfont!
Missing character: There is no u in font nullfont!
Missing character: There is no y in font nullfont!

! LaTeX Error: Unicode character ·ªÅ (U+1EC1)
               not set up for use with LaTeX.

See the LaTeX manual or LaTeX Companion for explanation.
Type  H <return>  for immediate help.
 ...                                              
                                                  
l.3 ...ga, 2021). S·ª± ph√°t tri·ªÉn c·ªßa truy·ªÅ
                                                  n th√¥ng m·∫°ng x√£ h·ªôi ...

You may provide a definition with
\DeclareUnicodeCharacter 

Missing character: There is no n in font nullfont!
Missing character: There is no t in font nullfont!
Missing character: There is no h in font nullfont!
Missing character: There is no n in font nullfont!
Missing character: There is no g in font nullfont!
Missing character: There is no m in font nullfont!

! LaTeX Error: Unicode character ·∫° (U+1EA1)
               not set up for use with LaTeX.

See the LaTeX manual or LaTeX Companion for explanation.
Type  H <return>  for immediate help.
 ...                                              
                                                  
l.3 ...ª± ph√°t tri·ªÉn c·ªßa truy·ªÅn th√¥ng m·∫°
                                                  ng x√£ h·ªôi kh√¥ng ch·ªâ ...

You may provide a definition with
\DeclareUnicodeCharacter 

Missing character: There is no n in font nullfont!
Missing character: There is no g in font nullfont!
Missing character: There is no x in font nullfont!
Missing character: There is no h in font nullfont!

! LaTeX Error: Unicode character ·ªô (U+1ED9)
               not set up for use with LaTeX.

See the LaTeX manual or LaTeX Companion for explanation.
Type  H <return>  for immediate help.
 ...                                              
                                                  
l.3 ...i·ªÉn c·ªßa truy·ªÅn th√¥ng m·∫°ng x√£ h·ªô
                                                  i kh√¥ng ch·ªâ ·∫£nh h∆∞·ª...

You may provide a definition with
\DeclareUnicodeCharacter 

Missing character: There is no i in font nullfont!
Missing character: There is no k in font nullfont!
Missing character: There is no h in font nullfont!
Missing character: There is no n in font nullfont!
Missing character: There is no g in font nullfont!
Missing character: There is no c in font nullfont!
Missing character: There is no h in font nullfont!

! LaTeX Error: Unicode character ·ªâ (U+1EC9)
               not set up for use with LaTeX.

See the LaTeX manual or LaTeX Companion for explanation.
Type  H <return>  for immediate help.
 ...                                              
                                                  
l.3 ...uy·ªÅn th√¥ng m·∫°ng x√£ h·ªôi kh√¥ng ch·ªâ
                                                   ·∫£nh h∆∞·ªüng ƒë·∫øn h√†...

You may provide a definition with
\DeclareUnicodeCharacter 


! LaTeX Error: Unicode character ·∫£ (U+1EA3)
               not set up for use with LaTeX.

See the LaTeX manual or LaTeX Companion for explanation.
Type  H <return>  for immediate help.
 ...                                              
                                                  
l.3 ...Ån th√¥ng m·∫°ng x√£ h·ªôi kh√¥ng ch·ªâ ·∫£
                                                  nh h∆∞·ªüng ƒë·∫øn h√†nh v...

You may provide a definition with
\DeclareUnicodeCharacter 

Missing character: There is no n in font nullfont!
Missing character: There is no h in font nullfont!
Missing character: There is no h in font nullfont!

! LaTeX Error: Unicode character ∆∞ (U+01B0)
               not set up for use with LaTeX.

See the LaTeX manual or LaTeX Companion for explanation.
Type  H <return>  for immediate help.
 ...                                              
                                                  
l.3 ...¥ng m·∫°ng x√£ h·ªôi kh√¥ng ch·ªâ ·∫£nh h∆∞
                                                  ·ªüng ƒë·∫øn h√†nh vi c·ªß...

You may provide a definition with
\DeclareUnicodeCharacter 


! LaTeX Error: Unicode character ·ªü (U+1EDF)
               not set up for use with LaTeX.

See the LaTeX manual or LaTeX Companion for explanation.
Type  H <return>  for immediate help.
 ...                                              
                                                  
l.3 ... m·∫°ng x√£ h·ªôi kh√¥ng ch·ªâ ·∫£nh h∆∞·ªü
                                                  ng ƒë·∫øn h√†nh vi c·ªßa n...

You may provide a definition with
\DeclareUnicodeCharacter 

Missing character: There is no n in font nullfont!
Missing character: There is no g in font nullfont!

! LaTeX Error: Command \dj unavailable in encoding .

See the LaTeX manual or LaTeX Companion for explanation.
Type  H <return>  for immediate help.
 ...                                              
                                                  
l.3 ...ng x√£ h·ªôi kh√¥ng ch·ªâ ·∫£nh h∆∞·ªüng ƒë
                                                  ·∫øn h√†nh vi c·ªßa ng∆∞·ª...

Your command was ignored.
Type  I <command> <return>  to replace it with another command,
or  <return>  to continue without it.


! LaTeX Error: Unicode character ·∫ø (U+1EBF)
               not set up for use with LaTeX.

See the LaTeX manual or LaTeX Companion for explanation.
Type  H <return>  for immediate help.
 ...                                              
                                                  
l.3 ...x√£ h·ªôi kh√¥ng ch·ªâ ·∫£nh h∆∞·ªüng ƒë·∫ø
                                                  n h√†nh vi c·ªßa ng∆∞·ªùi ...

You may provide a definition with
\DeclareUnicodeCharacter 

Missing character: There is no n in font nullfont!
Missing character: There is no h in font nullfont!
Missing character: There is no n in font nullfont!
Missing character: There is no h in font nullfont!
Missing character: There is no v in font nullfont!
Missing character: There is no i in font nullfont!
Missing character: There is no c in font nullfont!

! LaTeX Error: Unicode character ·ªß (U+1EE7)
               not set up for use with LaTeX.

See the LaTeX manual or LaTeX Companion for explanation.
Type  H <return>  for immediate help.
 ...                                              
                                                  
l.3 ...g ch·ªâ ·∫£nh h∆∞·ªüng ƒë·∫øn h√†nh vi c·ªß
                                                  a ng∆∞·ªùi ti√™u d√πng ·ªü...

You may provide a definition with
\DeclareUnicodeCharacter 

Missing character: There is no a in font nullfont!
Missing character: There is no n in font nullfont!
Missing character: There is no g in font nullfont!

! LaTeX Error: Unicode character ∆∞ (U+01B0)
               not set up for use with LaTeX.

See the LaTeX manual or LaTeX Companion for explanation.
Type  H <return>  for immediate help.
 ...                                              
                                                  
l.3 ...â ·∫£nh h∆∞·ªüng ƒë·∫øn h√†nh vi c·ªßa ng∆∞
                                                  ·ªùi ti√™u d√πng ·ªü c√°c ...

You may provide a definition with
\DeclareUnicodeCharacter 


! LaTeX Error: Unicode character ·ªù (U+1EDD)
               not set up for use with LaTeX.

See the LaTeX manual or LaTeX Companion for explanation.
Type  H <return>  for immediate help.
 ...                                              
                                                  
l.3 ...∫£nh h∆∞·ªüng ƒë·∫øn h√†nh vi c·ªßa ng∆∞·ªù
                                                  i ti√™u d√πng ·ªü c√°c h√†...

You may provide a definition with
\DeclareUnicodeCharacter 

Missing character: There is no i in font nullfont!
Missing character: There is no t in font nullfont!
Missing character: There is no i in font nullfont!
Missing character: There is no u in font nullfont!
Missing character: There is no d in font nullfont!
Missing character: There is no n in font nullfont!
Missing character: There is no g in font nullfont!

! LaTeX Error: Unicode character ·ªü (U+1EDF)
               not set up for use with LaTeX.

See the LaTeX manual or LaTeX Companion for explanation.
Type  H <return>  for immediate help.
 ...                                              
                                                  
l.3 ...∫øn h√†nh vi c·ªßa ng∆∞·ªùi ti√™u d√πng ·ªü
                                                   c√°c h√†ng ho√° m√† c√≤n ...

You may provide a definition with
\DeclareUnicodeCharacter 

Missing character: There is no c in font nullfont!
Missing character: There is no c in font nullfont!
Missing character: There is no h in font nullfont!
Missing character: There is no n in font nullfont!
Missing character: There is no g in font nullfont!
Missing character: There is no h in font nullfont!
Missing character: There is no o in font nullfont!
Missing character: There is no m in font nullfont!
Missing character: There is no c in font nullfont!
Missing character: There is no n in font nullfont!
Missing character: There is no l in font nullfont!
Missing character: There is no i in font nullfont!
Missing character: There is no n in font nullfont!
Missing character: There is no q in font nullfont!
Missing character: There is no u in font nullfont!
Missing character: There is no a in font nullfont!
Missing character: There is no n in font nullfont!
Missing character: There is no v in font nullfont!
Missing character: There is no r in font nullfont!

! LaTeX Error: Unicode character ·∫• (U+1EA5)
               not set up for use with LaTeX.

See the LaTeX manual or LaTeX Companion for explanation.
Type  H <return>  for immediate help.
 ...                                              
                                                  
l.3 ...√°c h√†ng ho√° m√† c√≤n li√™n quan v√† r·∫•
                                                  t ·∫£nh h∆∞·ªüng ƒë·∫øn ng...

You may provide a definition with
\DeclareUnicodeCharacter 

Missing character: There is no t in font nullfont!

! LaTeX Error: Unicode character ·∫£ (U+1EA3)
               not set up for use with LaTeX.

See the LaTeX manual or LaTeX Companion for explanation.
Type  H <return>  for immediate help.
 ...                                              
                                                  
l.3 ...√†ng ho√° m√† c√≤n li√™n quan v√† r·∫•t ·∫£
                                                  nh h∆∞·ªüng ƒë·∫øn ng√†nh ...
(That makes 100 errors; please try again.) 
Here is how much of TeX's memory you used:
 66 strings out of 474313
 922 string characters out of 5755721
 1926907 words of memory out of 5000000
 22624 multiletter control sequences out of 15000+600000
 558069 words of font info for 36 fonts, out of 8000000 for 9000
 1141 hyphenation exceptions out of 8191
 23i,1n,32p,1447b,90s stack positions out of 10000i,1000n,20000p,200000b,200000s

!  ==> Fatal error occurred, no output PDF file produced!
